TTLAYER OUTPUT FILE
--------------------------------------------------------------------------------
 input 
 Maximum delta in km:   15.0
 Delta increment in km:    0.1
 Hypocentral depth in km:    7.0
 Phase type:  
--------------------------------------------------------------------------------
 output (layer=layer model, grad=gradient model
    distance  tp (layer)   tp (grad)  ts (layer)   ts (grad)
--------------------------------------------------------------------------------
       0.000       3.323       2.238       5.782       3.894
       0.100       3.323       2.931       5.782       5.100
       0.200       3.324       2.943       5.783       5.121
       0.300       3.325       2.955       5.785       5.141
       0.400       3.327       2.967       5.788       5.162
       0.500       3.329       2.979       5.792       5.183
       0.600       3.332       2.991       5.797       5.204
       0.700       3.335       3.003       5.803       5.225
       0.800       3.339       3.015       5.809       5.246
       0.900       3.343       3.027       5.816       5.266
       1.000       3.347       3.039       5.824       5.287
       1.100       3.352       3.051       5.833       5.308
       1.200       3.358       3.063       5.843       5.329
       1.300       3.364       3.075       5.853       5.350
       1.400       3.370       3.087       5.864       5.371
       1.500       3.377       3.099       5.876       5.391
       1.600       3.384       3.111       5.889       5.412
       1.700       3.392       3.122       5.902       5.433
       1.800       3.400       3.135       5.916       5.454
       1.900       3.409       3.146       5.931       5.475
       2.000       3.418       3.158       5.947       5.496
       2.100       3.427       3.170       5.963       5.517
       2.200       3.437       3.182       5.980       5.538
       2.300       3.447       3.194       5.997       5.558
       2.400       3.457       3.206       6.016       5.579
       2.500       3.468       3.219       6.034       5.600
       2.600       3.479       3.231       6.054       5.621
       2.700       3.489       3.243       6.072       5.642
       2.800       3.501       3.255       6.092       5.663
       2.900       3.513       3.267       6.113       5.684
       3.000       3.525       3.279       6.134       5.705
       3.100       3.538       3.291       6.156       5.726
       3.200       3.550       3.303       6.178       5.747
       3.300       3.563       3.315       6.200       5.767
       3.400       3.577       3.327       6.223       5.788
       3.500       3.590       3.339       6.246       5.809
       3.600       3.603       3.351       6.270       5.830
       3.700       3.617       3.363       6.293       5.851
       3.800       3.630       3.375       6.317       5.872
       3.900       3.644       3.387       6.340       5.893
       4.000       3.657       3.399       6.364       5.914
       4.100       3.671       3.411       6.387       5.935
       4.200       3.684       3.423       6.411       5.956
       4.300       3.698       3.435       6.435       5.977
       4.400       3.712       3.447       6.458       5.998
       4.500       3.725       3.459       6.482       6.019
       4.600       3.739       3.471       6.505       6.040
       4.700       3.752       2.580       6.529       6.061
       4.800       3.766       2.593       6.552       4.511
       4.900       3.779       2.605       6.576       4.533
       5.000       3.793       2.617       6.599       4.554
       5.100       3.806       2.630       6.623       4.576
       5.200       3.820       2.642       6.646       4.597
       5.300       3.833       2.654       6.670       4.619
       5.400       3.847       2.667       6.693       4.640
       5.500       3.860       2.679       6.717       4.662
       5.600       3.874       2.691       6.741       4.683
       5.700       3.887       2.704       6.764       4.705
       5.800       3.901       2.716       6.788       4.726
       5.900       3.914       2.729       6.811       4.748
       6.000       3.928       2.741       6.835       4.769
       6.100       3.942       2.753       6.858       4.791
       6.200       3.955       2.766       6.882       4.812
       6.300       3.969       2.778       6.905       4.834
       6.400       3.982       2.790       6.929       4.855
       6.500       3.996       2.803       6.952       4.877
       6.600       4.009       2.815       6.976       4.898
       6.700       4.023       2.827       7.000       4.920
       6.800       4.036       2.840       7.023       4.941
       6.900       4.050       2.852       7.047       4.963
       7.000       4.063       2.864       7.070       4.984
       7.100       4.077       2.877       7.094       5.006
       7.200       4.090       2.889       7.117       5.027
       7.300       4.104       2.902       7.141       5.049
       7.400       4.117       2.914       7.164       5.070
       7.500       4.131       2.926       7.188       5.092
       7.600       4.144       2.939       7.211       5.113
       7.700       4.158       2.951       7.235       5.135
       7.800       4.172       2.963       7.258       5.156
       7.900       4.185       2.976       7.282       5.178
       8.000       4.199       2.988       7.306       5.199
       8.100       4.212       3.000       7.329       5.221
       8.200       4.226       3.013       7.353       5.242
       8.300       4.239       3.025       7.376       5.264
       8.400       4.253       3.038       7.400       5.285
       8.500       4.266       3.050       7.423       5.307
       8.600       4.280       3.062       7.447       5.328
       8.700       4.293       3.075       7.470       5.350
       8.800       4.307       3.087       7.494       5.371
       8.900       4.320       3.099       7.517       5.393
       9.000       4.334       3.112       7.541       5.414
       9.100       4.347       3.124       7.564       5.436
       9.200       4.361       3.136       7.588       5.457
       9.300       4.374       3.149       7.612       5.479
       9.400       4.388       3.161       7.635       5.500
       9.500       4.402       3.173       7.659       5.522
       9.600       4.415       3.186       7.682       5.543
       9.700       4.429       3.198       7.706       5.565
       9.800       4.442       3.211       7.729       5.586
       9.900       4.456       3.223       7.753       5.608
      10.000       4.469       3.235       7.776       5.629
      10.100       4.483       3.248       7.800       5.651
      10.200       4.496       3.260       7.823       5.672
      10.300       4.510       3.272       7.847       5.694
      10.400       4.523       3.285       7.870       5.715
      10.500       4.537       3.297       7.894       5.737
      10.600       4.550       3.309       7.918       5.758
      10.700       4.564       3.322       7.941       5.780
      10.800       4.577       3.334       7.965       5.801
      10.900       4.591       3.347       7.988       5.823
      11.000       4.604       3.359       8.012       5.844
      11.100       4.618       3.371       8.035       5.866
      11.200       4.632       3.384       8.059       5.887
      11.300       4.645       3.396       8.082       5.909
      11.400       4.659       3.408       8.106       5.930
      11.500       4.672       3.421       8.129       5.952
      11.600       4.686       3.433       8.153       5.973
      11.700       4.699       3.445       8.177       5.995
      11.800       4.713       3.458       8.200       6.017
      11.900       4.726       3.470       8.224       6.038
      12.000       4.740       3.482       8.247       6.060
      12.100       4.753       3.495       8.271       6.081
      12.200       4.767       3.507       8.294       6.103
      12.300       4.780       3.520       8.318       6.124
      12.400       4.794       3.532       8.341       6.146
      12.500       4.807       3.544       8.365       6.167
      12.600       4.821       3.557       8.388       6.189
      12.700       4.834       3.569       8.412       6.210
      12.800       4.848       3.581       8.435       6.232
      12.900       4.861       3.594       8.459       6.253
      13.000       4.875       3.606       8.483       6.275
      13.100       4.889       3.618       8.506       6.296
      13.200       4.902       3.631       8.530       6.318
      13.300       4.916       3.643       8.553       6.339
      13.400       4.929       3.656       8.577       6.361
      13.500       4.943       3.668       8.600       6.382
      13.600       4.956       3.680       8.624       6.404
      13.700       4.970       3.693       8.647       6.425
      13.800       4.983       3.705       8.671       6.447
      13.900       4.997       3.717       8.694       6.468
      14.000       5.010       3.730       8.718       6.490
      14.100       5.024       3.742       8.741       6.511
      14.200       5.037       3.754       8.765       6.533
      14.300       5.051       3.767       8.789       6.554
      14.400       5.064       3.779       8.812       6.576
      14.500       5.078       3.791       8.836       6.597
      14.600       5.091       3.804       8.859       6.619
      14.700       5.105       3.816       8.883       6.640
      14.800       5.119       3.829       8.906       6.662
      14.900       5.132       3.841       8.930       6.683
