TTLAYER OUTPUT FILE
--------------------------------------------------------------------------------
 input 
 Maximum delta in km:   15.0
 Delta increment in km:    0.1
 Hypocentral depth in km:    7.0
 Phase type:  
--------------------------------------------------------------------------------
 output (layer=layer model, grad=gradient model
    distance  tp (layer)   tp (grad)  ts (layer)   ts (grad)
--------------------------------------------------------------------------------
       0.000       3.812       3.232       6.633       5.624
       0.100       3.812       4.314       6.633       7.489
       0.200       3.813       4.339       6.635       7.550
       0.300       3.815       4.357       6.638       7.579
       0.400       3.817       4.379       6.642       7.620
       0.500       3.821       4.402       6.648       7.659
       0.600       3.825       4.424       6.655       7.697
       0.700       3.829       4.445       6.663       7.735
       0.800       3.835       4.467       6.672       7.772
       0.900       3.840       4.488       6.682       7.809
       1.000       3.847       4.510       6.694       7.847
       1.100       3.854       4.532       6.706       7.886
       1.200       3.862       4.553       6.720       7.923
       1.300       3.871       4.575       6.735       7.962
       1.400       3.880       4.597       6.751       7.998
       1.500       3.890       4.619       6.769       8.036
       1.600       3.901       4.640       6.787       8.074
       1.700       3.912       4.662       6.807       8.112
       1.800       3.924       4.684       6.828       8.150
       1.900       3.936       4.705       6.849       8.187
       2.000       3.950       4.727       6.872       8.225
       2.100       3.963       4.749       6.896       8.263
       2.200       3.978       4.771       6.921       8.301
       2.300       3.993       4.792       6.947       8.338
       2.400       4.008       4.814       6.974       8.377
       2.500       4.024       4.836       7.002       8.414
       2.600       4.041       4.858       7.031       8.452
       2.700       4.058       4.879       7.061       8.490
       2.800       4.074       4.901       7.089       8.528
       2.900       4.092       4.923       7.121       8.566
       3.000       4.111       4.944       7.153       8.603
       3.100       4.130       4.966       7.186       8.641
       3.200       4.149       4.988       7.220       8.679
       3.300       4.169       5.010       7.255       8.717
       3.400       4.190       5.031       7.290       8.755
       3.500       4.211       5.053       7.326       8.792
       3.600       4.232       5.075       7.363       8.830
       3.700       4.254       5.097       7.401       8.868
       3.800       4.276       5.118       7.440       8.906
       3.900       4.297       5.140       7.477       8.944
       4.000       4.320       5.162       7.516       8.982
       4.100       4.342       5.183       7.555       9.019
       4.200       4.364       5.205       7.594       9.057
       4.300       4.386       5.227       7.632       9.095
       4.400       4.409       5.249       7.671       9.132
       4.500       4.431       5.270       7.710       9.170
       4.600       4.453       5.292       7.748       9.208
       4.700       4.475       5.314       7.787       9.246
       4.800       4.498       5.336       7.826       9.284
       4.900       4.520       5.357       7.865       9.321
       5.000       4.542       5.379       7.903       9.359
       5.100       4.564       5.401       7.942       9.397
       5.200       4.587       5.422       7.981       9.435
       5.300       4.609       5.444       8.019       9.473
       5.400       4.631       5.466       8.058       9.510
       5.500       4.653       5.488       8.097       9.548
       5.600       4.676       5.509       8.135       9.586
       5.700       4.698       5.531       8.174       9.624
       5.800       4.720       5.553       8.213       9.662
       5.900       4.742       4.040       8.252       7.030
       6.000       4.765       4.062       8.290       7.067
       6.100       4.787       4.084       8.329       7.105
       6.200       4.809       4.105       8.368       7.143
       6.300       4.831       4.127       8.406       7.181
       6.400       4.854       4.149       8.445       7.219
       6.500       4.876       4.171       8.484       7.257
       6.600       4.898       4.192       8.523       7.295
       6.700       4.920       4.214       8.561       7.333
       6.800       4.943       4.236       8.600       7.370
       6.900       4.965       4.258       8.639       7.408
       7.000       4.987       4.279       8.677       7.446
       7.100       5.009       4.301       8.716       7.484
       7.200       5.032       4.323       8.755       7.522
       7.300       5.054       4.345       8.794       7.560
       7.400       5.076       4.366       8.832       7.598
       7.500       5.098       4.388       8.871       7.636
       7.600       5.121       4.410       8.910       7.673
       7.700       5.143       4.432       8.948       7.711
       7.800       5.165       4.454       8.987       7.749
       7.900       5.187       4.475       9.026       7.787
       8.000       5.210       4.497       9.065       7.825
       8.100       5.232       4.519       9.103       7.863
       8.200       5.254       4.541       9.142       7.901
       8.300       5.276       4.562       9.181       7.938
       8.400       5.298       4.584       9.219       7.976
       8.500       5.321       4.606       9.258       8.014
       8.600       5.343       4.628       9.297       8.052
       8.700       5.365       4.649       9.336       8.090
       8.800       5.387       4.671       9.374       8.128
       8.900       5.410       4.693       9.413       8.166
       9.000       5.432       4.715       9.452       8.204
       9.100       5.454       4.736       9.490       8.241
       9.200       5.476       4.758       9.529       8.279
       9.300       5.499       4.780       9.568       8.317
       9.400       5.521       4.802       9.606       8.355
       9.500       5.543       4.824       9.645       8.393
       9.600       5.565       4.845       9.684       8.431
       9.700       5.588       4.867       9.723       8.469
       9.800       5.610       4.889       9.761       8.506
       9.900       5.632       4.911       9.800       8.544
      10.000       5.654       4.932       9.839       8.582
      10.100       5.677       4.954       9.877       8.620
      10.200       5.699       4.976       9.916       8.658
      10.300       5.721       4.998       9.955       8.696
      10.400       5.743       5.019       9.994       8.734
      10.500       5.766       5.041      10.032       8.772
      10.600       5.788       5.063      10.071       8.809
      10.700       5.810       5.085      10.110       8.847
      10.800       5.832       5.106      10.148       8.885
      10.900       5.855       5.128      10.187       8.923
      11.000       5.877       5.150      10.226       8.961
      11.100       5.899       5.172      10.265       8.999
      11.200       5.921       5.193      10.303       9.037
      11.300       5.944       5.215      10.342       9.075
      11.400       5.966       5.237      10.381       9.112
      11.500       5.988       5.259      10.419       9.150
      11.600       6.010       5.281      10.458       9.188
      11.700       6.033       5.302      10.497       9.226
      11.800       6.055       5.324      10.536       9.264
      11.900       6.077       5.346      10.574       9.302
      12.000       6.099       5.368      10.613       9.340
      12.100       6.122       5.389      10.652       9.377
      12.200       6.144       5.411      10.690       9.415
      12.300       6.166       5.433      10.729       9.453
      12.400       6.188       5.455      10.768       9.491
      12.500       6.211       5.476      10.807       9.529
      12.600       6.233       5.498      10.845       9.567
      12.700       6.255       5.520      10.884       9.605
      12.800       6.277       5.542      10.923       9.643
      12.900       6.300       5.563      10.961       9.680
      13.000       6.322       5.585      11.000       9.718
      13.100       6.344       5.607      11.039       9.756
      13.200       6.366       5.629      11.077       9.794
      13.300       6.389       5.651      11.116       9.832
      13.400       6.411       5.672      11.155       9.870
      13.500       6.433       5.694      11.194       9.908
      13.600       6.455       5.716      11.232       9.946
      13.700       6.478       5.738      11.271       9.983
      13.800       6.500       5.759      11.310      10.021
      13.900       6.522       5.781      11.348      10.059
      14.000       6.544       5.803      11.387      10.097
      14.100       6.567       5.825      11.426      10.135
      14.200       6.589       5.846      11.465      10.173
      14.300       6.611       5.868      11.503      10.211
      14.400       6.633       5.890      11.542      10.248
      14.500       6.656       5.912      11.581      10.286
      14.600       6.678       5.933      11.619      10.324
      14.700       6.700       5.955      11.658      10.362
      14.800       6.722       5.977      11.697      10.400
      14.900       6.745       5.999      11.736      10.438
