TTLAYER OUTPUT FILE
--------------------------------------------------------------------------------
 input 
 Maximum delta in km:   15.0
 Delta increment in km:    0.0
 Hypocentral depth in km:    5.0
 Phase type:  
--------------------------------------------------------------------------------
 output (layer=layer model, grad=gradient model
    distance  tp (layer)   tp (grad)  ts (layer)   ts (grad)
--------------------------------------------------------------------------------
       0.000       2.345       1.224       2.625       1.872
       0.010       2.345       5.640       2.625       4.928
       0.020       2.345       5.642       2.625       4.931
       0.030       2.345       5.644       2.625       4.935
       0.040       2.345       5.645       2.625       4.938
       0.050       2.345       5.647       2.625       4.941
       0.060       2.345       5.649       2.625       4.944
       0.070       2.345       5.651       2.625       4.947
       0.080       2.345       5.652       2.625       4.950
       0.090       2.345       5.654       2.625       4.953
       0.100       2.345       5.656       2.625       4.956
       0.110       2.345       5.658       2.626       4.960
       0.120       2.345       5.659       2.626       4.963
       0.130       2.345       5.661       2.626       4.966
       0.140       2.345       5.663       2.626       4.969
       0.150       2.346       5.664       2.626       4.972
       0.160       2.346       5.666       2.626       4.975
       0.170       2.346       5.668       2.626       4.978
       0.180       2.346       5.670       2.626       4.981
       0.190       2.346       5.671       2.627       4.985
       0.200       2.346       5.673       2.627       4.988
       0.210       2.346       5.675       2.627       4.991
       0.220       2.346       5.676       2.627       4.994
       0.230       2.346       5.678       2.627       4.997
       0.240       2.347       5.680       2.628       5.000
       0.250       2.347       5.682       2.628       5.003
       0.260       2.347       5.683       2.628       5.006
       0.270       2.347       5.685       2.628       5.010
       0.280       2.347       5.687       2.629       5.013
       0.290       2.347       5.689       2.629       5.016
       0.300       2.348       5.690       2.629       5.019
       0.310       2.348       5.692       2.629       5.022
       0.320       2.348       5.694       2.630       5.025
       0.330       2.348       5.695       2.630       5.028
       0.340       2.348       5.697       2.630       5.032
       0.350       2.349       5.699       2.631       5.035
       0.360       2.349       5.701       2.631       5.038
       0.370       2.349       5.702       2.631       5.041
       0.380       2.349       5.704       2.632       5.044
       0.390       2.350       5.706       2.632       5.047
       0.400       2.350       5.708       2.632       5.050
       0.410       2.350       5.709       2.633       5.053
       0.420       2.350       5.711       2.633       5.057
       0.430       2.351       5.713       2.634       5.060
       0.440       2.351       5.714       2.634       5.063
       0.450       2.351       5.716       2.634       5.066
       0.460       2.351       5.718       2.635       5.069
       0.470       2.352       5.720       2.635       5.072
       0.480       2.352       5.721       2.636       5.075
       0.490       2.352       5.723       2.636       5.078
       0.500       2.353       5.725       2.637       5.082
       0.510       2.353       5.727       2.637       5.085
       0.520       2.353       5.728       2.637       5.088
       0.530       2.354       5.730       2.638       5.091
       0.540       2.354       5.732       2.638       5.094
       0.550       2.354       5.733       2.639       5.097
       0.560       2.355       5.735       2.639       5.100
       0.570       2.355       5.737       2.640       5.103
       0.580       2.355       5.739       2.640       5.107
       0.590       2.356       5.740       2.641       5.110
       0.600       2.356       5.742       2.642       5.113
       0.610       2.356       5.744       2.642       5.116
       0.620       2.357       5.746       2.643       5.119
       0.630       2.357       5.747       2.643       5.122
       0.640       2.358       5.749       2.644       5.125
       0.650       2.358       5.751       2.644       5.128
       0.660       2.358       5.752       2.645       5.132
       0.670       2.359       5.754       2.646       5.135
       0.680       2.359       5.756       2.646       5.138
       0.690       2.360       5.758       2.647       5.141
       0.700       2.360       5.759       2.648       5.144
       0.710       2.360       5.761       2.648       5.147
       0.720       2.361       5.763       2.649       5.150
       0.730       2.361       5.765       2.650       5.154
       0.740       2.362       5.766       2.650       5.157
       0.750       2.362       5.768       2.651       5.160
       0.760       2.363       5.770       2.652       5.163
       0.770       2.363       5.771       2.652       5.166
       0.780       2.364       5.773       2.653       5.169
       0.790       2.364       5.775       2.654       5.172
       0.800       2.365       5.777       2.654       5.175
       0.810       2.365       5.778       2.655       5.179
       0.820       2.366       5.780       2.656       5.182
       0.830       2.366       5.782       2.657       5.185
       0.840       2.367       5.784       2.658       5.188
       0.850       2.367       5.785       2.658       5.191
       0.860       2.368       5.787       2.659       5.194
       0.870       2.368       5.789       2.660       5.197
       0.880       2.369       5.790       2.661       5.200
       0.890       2.369       5.792       2.662       5.204
       0.900       2.370       5.794       2.662       5.207
       0.910       2.370       5.796       2.663       5.210
       0.920       2.371       5.797       2.664       5.213
       0.930       2.372       5.799       2.665       5.216
       0.940       2.372       5.801       2.666       5.219
       0.950       2.373       5.802       2.667       5.222
       0.960       2.373       5.804       2.667       5.225
       0.970       2.374       5.806       2.668       5.229
       0.980       2.374       5.808       2.669       5.232
       0.990       2.375       5.809       2.670       5.235
       1.000       2.376       5.811       2.671       5.238
       1.010       2.376       5.813       2.672       5.241
       1.020       2.377       5.815       2.673       5.244
       1.030       2.377       5.816       2.674       5.247
       1.040       2.378       5.818       2.675       5.251
       1.050       2.379       5.820       2.675       5.254
       1.060       2.379       5.821       2.676       5.257
       1.070       2.380       5.823       2.677       5.260
       1.080       2.381       5.825       2.678       5.263
       1.090       2.381       5.827       2.679       5.266
       1.100       2.382       5.828       2.680       5.269
       1.110       2.383       5.830       2.681       5.272
       1.120       2.383       5.832       2.682       5.276
       1.130       2.384       5.834       2.683       5.279
       1.140       2.385       5.835       2.684       5.282
       1.150       2.385       5.837       2.685       5.285
       1.160       2.386       5.839       2.686       5.288
       1.170       2.387       5.840       2.687       5.291
       1.180       2.387       5.842       2.688       5.294
       1.190       2.388       5.844       2.689       5.297
       1.200       2.389       5.846       2.690       5.301
       1.210       2.390       5.847       2.691       5.304
       1.220       2.390       5.849       2.692       5.307
       1.230       2.390       5.851       2.693       5.310
       1.240       2.391       5.853       2.694       5.313
       1.250       2.392       5.854       2.695       5.316
       1.260       2.392       5.856       2.696       5.319
       1.270       2.393       5.858       2.697       5.322
       1.280       2.394       5.859       2.699       5.326
       1.290       2.395       5.861       2.700       5.329
       1.300       2.395       5.863       2.701       5.332
       1.310       2.396       5.865       2.702       5.335
       1.320       2.397       5.866       2.703       5.338
       1.330       2.398       5.868       2.704       5.341
       1.340       2.398       5.870       2.706       5.344
       1.350       2.399       5.872       2.707       5.347
       1.360       2.400       5.873       2.708       5.351
       1.370       2.401       5.875       2.709       5.354
       1.380       2.402       5.877       2.710       5.357
       1.390       2.402       5.878       2.711       5.360
       1.400       2.403       5.880       2.713       5.363
       1.410       2.404       5.882       2.714       5.366
       1.420       2.405       5.884       2.715       5.369
       1.430       2.406       5.885       2.716       5.373
       1.440       2.406       5.887       2.718       5.376
       1.450       2.407       5.889       2.719       5.379
       1.460       2.408       5.891       2.720       5.382
       1.470       2.409       5.892       2.721       5.385
       1.480       2.410       5.894       2.723       5.388
       1.490       2.411       5.896       2.724       5.391
       1.500       2.411       5.897       2.725       5.394
       1.510       2.412       5.899       2.727       5.398
       1.520       2.413       5.901       2.728       5.401
       1.530       2.414       5.903       2.729       5.404
       1.540       2.415       5.904       2.731       5.407
       1.550       2.416       5.906       2.732       5.410
       1.560       2.417       5.908       2.733       5.413
       1.570       2.417       5.910       2.735       5.416
       1.580       2.418       5.911       2.736       5.419
       1.590       2.419       5.913       2.737       5.423
       1.600       2.420       5.915       2.739       5.426
       1.610       2.421       5.916       2.740       5.429
       1.620       2.422       5.918       2.741       5.432
       1.630       2.423       5.920       2.743       5.435
       1.640       2.424       5.922       2.744       5.438
       1.650       2.425       5.923       2.746       5.441
       1.660       2.425       5.925       2.747       5.444
       1.670       2.426       5.927       2.748       5.448
       1.680       2.427       5.929       2.750       5.451
       1.690       2.428       5.930       2.751       5.454
       1.700       2.429       5.932       2.753       5.457
       1.710       2.430       5.934       2.754       5.460
       1.720       2.431       5.935       2.756       5.463
       1.730       2.432       5.937       2.757       5.466
       1.740       2.433       5.939       2.759       5.469
       1.750       2.434       5.941       2.760       5.473
       1.760       2.435       5.942       2.761       5.476
       1.770       2.436       5.944       2.763       5.479
       1.780       2.437       5.946       2.764       5.482
       1.790       2.438       5.947       2.766       5.485
       1.800       2.439       5.949       2.767       5.488
       1.810       2.440       5.951       2.769       5.491
       1.820       2.441       5.953       2.771       5.495
       1.830       2.442       5.954       2.772       5.498
       1.840       2.443       5.956       2.774       5.501
       1.850       2.444       5.958       2.775       5.504
       1.860       2.445       5.960       2.777       5.507
       1.870       2.446       5.961       2.778       5.510
       1.880       2.447       5.963       2.780       5.513
       1.890       2.448       5.965       2.781       5.516
       1.900       2.449       5.966       2.783       5.520
       1.910       2.450       5.968       2.785       5.523
       1.920       2.451       5.970       2.786       5.526
       1.930       2.452       5.972       2.788       5.529
       1.940       2.453       5.973       2.789       5.532
       1.950       2.454       5.975       2.791       5.535
       1.960       2.455       5.977       2.793       5.538
       1.970       2.456       5.979       2.794       5.541
       1.980       2.457       5.980       2.796       5.545
       1.990       2.458       5.982       2.798       5.548
       2.000       2.459       5.984       2.799       5.551
       2.010       2.460       5.985       2.801       5.554
       2.020       2.461       5.987       2.803       5.557
       2.030       2.462       5.989       2.804       5.560
       2.040       2.463       5.991       2.806       5.563
       2.050       2.464       5.992       2.808       5.566
       2.060       2.465       5.994       2.809       5.570
       2.070       2.466       5.996       2.811       5.573
       2.080       2.467       5.998       2.813       5.576
       2.090       2.468       5.999       2.814       5.579
       2.100       2.470       6.001       2.816       5.582
       2.110       2.471       6.003       2.818       5.585
       2.120       2.472       6.004       2.819       5.588
       2.130       2.473       6.006       2.821       5.592
       2.140       2.474       6.008       2.823       5.595
       2.150       2.475       6.010       2.825       5.598
       2.160       2.476       6.011       2.826       5.601
       2.170       2.477       6.013       2.828       5.604
       2.180       2.478       6.015       2.830       5.607
       2.190       2.479       6.017       2.832       5.610
       2.200       2.481       6.018       2.834       5.613
       2.210       2.482       6.020       2.835       5.617
       2.220       2.483       6.022       2.837       5.620
       2.230       2.484       6.023       2.839       5.623
       2.240       2.485       6.025       2.841       5.626
       2.250       2.486       6.027       2.843       5.629
       2.260       2.487       6.029       2.844       5.632
       2.270       2.488       6.030       2.846       5.635
       2.280       2.490       6.032       2.848       5.638
       2.290       2.491       6.034       2.850       5.642
       2.300       2.492       6.036       2.852       5.645
       2.310       2.493       6.037       2.853       5.648
       2.320       2.494       6.039       2.855       5.651
       2.330       2.495       6.041       2.857       5.654
       2.340       2.497       6.042       2.859       5.657
       2.350       2.498       6.044       2.861       5.660
       2.360       2.499       6.046       2.863       5.663
       2.370       2.500       6.048       2.865       5.667
       2.380       2.501       6.049       2.867       5.670
       2.390       2.502       6.051       2.868       5.673
       2.400       2.504       6.053       2.870       5.676
       2.410       2.505       6.055       2.872       5.679
       2.420       2.506       6.056       2.874       5.682
       2.430       2.507       6.058       2.876       5.685
       2.440       2.508       6.060       2.878       5.688
       2.450       2.509       6.061       2.880       5.692
       2.460       2.511       6.063       2.882       5.695
       2.470       2.512       6.065       2.884       5.698
       2.480       2.513       6.067       2.886       5.701
       2.490       2.514       6.068       2.888       5.704
       2.500       2.515       6.070       2.890       5.707
       2.510       2.517       6.072       2.892       5.710
       2.520       2.518       6.073       2.894       5.714
       2.530       2.519       6.075       2.895       5.717
       2.540       2.520       6.077       2.897       5.720
       2.550       2.522       6.079       2.899       5.723
       2.560       2.523       6.080       2.901       5.726
       2.570       2.524       6.082       2.903       5.729
       2.580       2.525       6.084       2.905       5.732
       2.590       2.526       6.086       2.907       5.735
       2.600       2.528       6.087       2.909       5.739
       2.610       2.529       6.089       2.911       5.742
       2.620       2.530       6.091       2.913       5.745
       2.630       2.531       6.092       2.915       5.748
       2.640       2.533       6.094       2.917       5.751
       2.650       2.534       6.096       2.919       5.754
       2.660       2.535       6.098       2.922       5.757
       2.670       2.536       6.099       2.924       5.760
       2.680       2.538       6.101       2.926       5.764
       2.690       2.539       6.103       2.928       5.767
       2.700       2.540       6.105       2.930       5.770
       2.710       2.541       6.106       2.932       5.773
       2.720       2.543       6.108       2.934       5.776
       2.730       2.544       6.110       2.936       5.779
       2.740       2.545       6.111       2.938       5.782
       2.750       2.546       6.113       2.940       5.785
       2.760       2.548       6.115       2.942       5.789
       2.770       2.549       6.117       2.944       5.792
       2.780       2.550       6.118       2.946       5.795
       2.790       2.552       6.120       2.948       5.798
       2.800       2.553       6.122       2.951       5.801
       2.810       2.554       6.124       2.953       5.804
       2.820       2.555       6.125       2.955       5.807
       2.830       2.557       6.127       2.957       5.811
       2.840       2.558       6.129       2.959       5.814
       2.850       2.559       6.130       2.961       5.817
       2.860       2.561       6.132       2.963       5.820
       2.870       2.562       6.134       2.965       5.823
       2.880       2.563       6.136       2.968       5.826
       2.890       2.564       6.137       2.970       5.829
       2.900       2.566       6.139       2.972       5.832
       2.910       2.567       6.141       2.974       5.836
       2.920       2.568       6.143       2.976       5.839
       2.930       2.570       6.144       2.978       5.842
       2.940       2.571       6.146       2.981       5.845
       2.950       2.572       6.148       2.983       5.848
       2.960       2.574       6.149       2.985       5.851
       2.970       2.575       6.151       2.987       5.854
       2.980       2.576       6.153       2.989       5.857
       2.990       2.578       6.155       2.991       5.861
       3.000       2.579       6.156       2.994       5.864
       3.010       2.580       6.158       2.996       5.867
       3.020       2.582       6.160       2.998       5.870
       3.030       2.583       6.162       3.000       5.873
       3.040       2.584       6.163       3.002       5.876
       3.050       2.586       6.165       3.005       5.879
       3.060       2.587       6.167       3.007       5.882
       3.070       2.588       6.168       3.009       5.886
       3.080       2.590       6.170       3.011       5.889
       3.090       2.591       6.172       3.014       5.892
       3.100       2.592       6.174       3.016       5.895
       3.110       2.594       6.175       3.018       5.898
       3.120       2.595       6.177       3.020       5.901
       3.130       2.596       6.179       3.023       5.904
       3.140       2.598       6.181       3.025       5.907
       3.150       2.599       6.182       3.027       5.911
       3.160       2.600       6.184       3.029       5.914
       3.170       2.602       6.186       3.032       5.917
       3.180       2.603       6.187       3.034       5.920
       3.190       2.604       6.189       3.036       5.923
       3.200       2.606       6.191       3.038       5.926
       3.210       2.607       6.193       3.041       5.929
       3.220       2.609       6.194       3.043       5.933
       3.230       2.610       6.196       3.045       5.936
       3.240       2.611       6.198       3.048       5.939
       3.250       2.613       6.199       3.050       5.942
       3.260       2.614       6.201       3.052       5.945
       3.270       2.615       6.203       3.054       5.948
       3.280       2.617       6.205       3.057       5.951
       3.290       2.618       6.206       3.059       5.954
       3.300       2.620       6.208       3.061       5.958
       3.310       2.621       6.210       3.064       5.961
       3.320       2.622       6.212       3.066       5.964
       3.330       2.624       6.213       3.068       5.967
       3.340       2.625       6.215       3.071       5.970
       3.350       2.626       6.217       3.073       5.973
       3.360       2.628       6.218       3.075       5.976
       3.370       2.629       6.220       3.078       5.979
       3.380       2.631       6.222       3.080       5.983
       3.390       2.632       6.224       3.082       5.986
       3.400       2.633       6.225       3.085       5.989
       3.410       2.635       6.227       3.087       5.992
       3.420       2.636       6.229       3.090       5.995
       3.430       2.638       6.231       3.092       5.998
       3.440       2.639       6.232       3.094       6.001
       3.450       2.640       6.234       3.097       6.004
       3.460       2.642       6.236       3.099       6.008
       3.470       2.643       6.237       3.101       6.011
       3.480       2.645       6.239       3.104       6.014
       3.490       2.646       6.241       3.106       6.017
       3.500       2.647       6.243       3.109       6.020
       3.510       2.649       6.244       3.111       6.023
       3.520       2.650       6.246       3.113       6.026
       3.530       2.652       6.248       3.116       6.030
       3.540       2.653       6.250       3.118       6.033
       3.550       2.655       6.251       3.121       6.036
       3.560       2.656       6.253       3.123       6.039
       3.570       2.657       6.255       3.125       6.042
       3.580       2.659       6.256       3.128       6.045
       3.590       2.660       6.258       3.130       6.048
       3.600       2.662       6.260       3.133       6.051
       3.610       2.663       6.262       3.135       6.055
       3.620       2.665       6.263       3.137       6.058
       3.630       2.666       6.265       3.140       6.061
       3.640       2.667       6.267       3.142       6.064
       3.650       2.669       6.269       3.145       6.067
       3.660       2.670       6.270       3.147       6.070
       3.670       2.672       6.272       3.150       6.073
       3.680       2.673       6.274       3.152       6.076
       3.690       2.675       6.275       3.155       6.080
       3.700       2.676       6.277       3.157       6.083
       3.710       2.677       6.279       3.159       6.086
       3.720       2.679       6.281       3.162       6.089
       3.730       2.680       6.282       3.164       6.092
       3.740       2.682       6.284       3.167       6.095
       3.750       2.683       6.286       3.169       6.098
       3.760       2.685       6.288       3.172       6.101
       3.770       2.686       6.289       3.174       6.105
       3.780       2.688       6.291       3.177       6.108
       3.790       2.689       6.293       3.179       6.111
       3.800       2.691       6.294       3.182       6.114
       3.810       2.692       6.296       3.184       6.117
       3.820       2.693       6.298       3.187       6.120
       3.830       2.695       6.300       3.189       6.123
       3.840       2.696       6.301       3.192       6.126
       3.850       2.698       6.303       3.194       6.130
       3.860       2.699       6.305       3.197       6.133
       3.870       2.701       6.307       3.199       6.136
       3.880       2.702       6.308       3.202       6.139
       3.890       2.704       6.310       3.204       6.142
       3.900       2.705       6.312       3.207       6.145
       3.910       2.707       6.313       3.209       6.148
       3.920       2.708       6.315       3.212       6.152
       3.930       2.710       6.317       3.214       6.155
       3.940       2.711       6.319       3.217       6.158
       3.950       2.712       6.320       3.219       6.161
       3.960       2.714       6.322       3.222       6.164
       3.970       2.715       6.324       3.224       6.167
       3.980       2.717       6.326       3.227       6.170
       3.990       2.718       6.327       3.229       6.173
       4.000       2.720       6.329       3.232       6.177
       4.010       2.721       6.331       3.234       6.180
       4.020       2.723       6.332       3.237       6.183
       4.030       2.724       6.334       3.240       6.186
       4.040       2.726       6.336       3.242       6.189
       4.050       2.727       6.338       3.245       6.192
       4.060       2.729       6.339       3.247       6.195
       4.070       2.730       6.341       3.250       6.198
       4.080       2.732       6.343       3.252       6.202
       4.090       2.733       6.344       3.255       6.205
       4.100       2.735       6.346       3.257       6.208
       4.110       2.736       6.348       3.260       6.211
       4.120       2.738       6.350       3.263       6.214
       4.130       2.739       6.351       3.265       6.217
       4.140       2.741       6.353       3.268       6.220
       4.150       2.742       6.355       3.270       6.223
       4.160       2.744       6.357       3.273       6.227
       4.170       2.745       6.358       3.275       6.230
       4.180       2.747       6.360       3.278       6.233
       4.190       2.748       6.362       3.281       6.236
       4.200       2.750       6.363       3.283       6.239
       4.210       2.751       6.365       3.286       6.242
       4.220       2.753       6.367       3.288       6.245
       4.230       2.754       6.369       3.291       6.249
       4.240       2.756       6.370       3.294       6.252
       4.250       2.757       6.372       3.296       6.255
       4.260       2.759       6.374       3.299       6.258
       4.270       2.760       6.376       3.301       6.261
       4.280       2.762       6.377       3.304       6.264
       4.290       2.763       6.379       3.307       6.267
       4.300       2.765       6.381       3.309       6.270
       4.310       2.766       6.382       3.312       6.274
       4.320       2.768       6.384       3.314       6.277
       4.330       2.769       6.386       3.317       6.280
       4.340       2.771       6.388       3.320       6.283
       4.350       2.772       6.389       3.322       6.286
       4.360       2.774       6.391       3.325       6.289
       4.370       2.775       6.393       3.328       6.292
       4.380       2.777       6.395       3.330       6.295
       4.390       2.778       6.396       3.333       6.299
       4.400       2.780       6.398       3.335       6.302
       4.410       2.781       6.400       3.338       6.305
       4.420       2.783       6.401       3.341       6.308
       4.430       2.784       6.403       3.343       6.311
       4.440       2.786       6.405       3.346       6.314
       4.450       2.787       6.407       3.349       6.317
       4.460       2.789       6.408       3.351       6.320
       4.470       2.790       6.410       3.354       6.324
       4.480       2.792       6.412       3.357       6.327
       4.490       2.794       6.414       3.359       6.330
       4.500       2.795       6.415       3.362       6.333
       4.510       2.797       6.417       3.364       6.336
       4.520       2.798       6.419       3.367       6.339
       4.530       2.800       6.420       3.370       6.342
       4.540       2.801       6.422       3.372       6.345
       4.550       2.803       6.424       3.375       6.349
       4.560       2.804       6.426       3.378       6.352
       4.570       2.806       6.427       3.380       6.355
       4.580       2.807       6.429       3.383       6.358
       4.590       2.809       6.431       3.386       6.361
       4.600       2.810       6.433       3.388       6.364
       4.610       2.812       6.434       3.391       6.367
       4.620       2.813       6.436       3.394       6.371
       4.630       2.815       6.438       3.396       6.374
       4.640       2.817       6.439       3.399       6.377
       4.650       2.818       6.441       3.402       6.380
       4.660       2.820       6.443       3.405       6.383
       4.670       2.821       6.445       3.407       6.386
       4.680       2.823       6.446       3.410       6.389
       4.690       2.824       6.448       3.413       6.392
       4.700       2.826       6.450       3.415       6.396
       4.710       2.827       6.452       3.418       6.399
       4.720       2.829       6.453       3.421       6.402
       4.730       2.830       6.455       3.423       6.405
       4.740       2.832       6.457       3.426       6.408
       4.750       2.833       6.458       3.429       6.411
       4.760       2.835       6.460       3.431       6.414
       4.770       2.837       6.462       3.434       6.417
       4.780       2.838       6.464       3.437       6.421
       4.790       2.840       6.465       3.440       6.424
       4.800       2.841       6.467       3.442       6.427
       4.810       2.843       6.469       3.445       6.430
       4.820       2.844       6.470       3.448       6.433
       4.830       2.846       6.472       3.450       6.436
       4.840       2.847       6.474       3.453       6.439
       4.850       2.849       6.476       3.456       6.442
       4.860       2.851       6.477       3.459       6.446
       4.870       2.852       6.479       3.461       6.449
       4.880       2.854       6.481       3.464       6.452
       4.890       2.855       6.483       3.467       6.455
       4.900       2.857       6.484       3.469       6.458
       4.910       2.858       6.486       3.472       6.461
       4.920       2.860       6.488       3.475       6.464
       4.930       2.861       6.489       3.478       6.468
       4.940       2.863       6.491       3.480       6.471
       4.950       2.865       6.493       3.483       6.474
       4.960       2.866       6.495       3.486       6.477
       4.970       2.868       6.496       3.489       6.480
       4.980       2.869       6.498       3.491       6.483
       4.990       2.871       6.500       3.494       6.486
       5.000       2.872       6.502       3.497       6.489
       5.010       2.874       6.503       3.500       6.493
       5.020       2.875       6.505       3.502       6.496
       5.030       2.877       6.507       3.505       6.499
       5.040       2.879       6.508       3.508       6.502
       5.050       2.880       6.510       3.510       6.505
       5.060       2.882       6.512       3.513       6.508
       5.070       2.883       6.514       3.516       6.511
       5.080       2.885       6.515       3.519       6.514
       5.090       2.886       6.517       3.522       6.518
       5.100       2.888       6.519       3.524       6.521
       5.110       2.890       6.521       3.527       6.524
       5.120       2.891       6.522       3.530       6.527
       5.130       2.893       6.524       3.533       6.530
       5.140       2.894       6.526       3.535       6.533
       5.150       2.896       6.527       3.538       6.536
       5.160       2.897       6.529       3.541       6.539
       5.170       2.899       6.531       3.544       6.543
       5.180       2.901       6.533       3.546       6.546
       5.190       2.902       6.534       3.549       6.549
       5.200       2.904       6.536       3.552       6.552
       5.210       2.905       6.538       3.555       6.555
       5.220       2.907       6.540       3.557       6.558
       5.230       2.908       6.541       3.560       6.561
       5.240       2.910       6.543       3.563       6.564
       5.250       2.912       6.545       3.566       6.568
       5.260       2.913       6.546       3.569       6.571
       5.270       2.915       6.548       3.571       6.574
       5.280       2.916       6.550       3.574       6.577
       5.290       2.918       6.552       3.577       6.580
       5.300       2.920       6.553       3.580       6.583
       5.310       2.921       6.555       3.582       6.586
       5.320       2.923       6.557       3.585       6.590
       5.330       2.924       6.559       3.588       6.593
       5.340       2.926       6.560       3.591       6.596
       5.350       2.927       6.562       3.594       6.599
       5.360       2.929       6.564       3.596       6.602
       5.370       2.931       6.565       3.599       6.605
       5.380       2.932       6.567       3.602       6.608
       5.390       2.934       6.569       3.605       6.611
       5.400       2.935       6.571       3.608       6.615
       5.410       2.937       6.572       3.610       6.618
       5.420       2.939       6.574       3.613       6.621
       5.430       2.940       6.576       3.616       6.624
       5.440       2.942       6.578       3.619       6.627
       5.450       2.943       6.579       3.622       6.630
       5.460       2.945       6.581       3.624       6.633
       5.470       2.946       6.583       3.627       6.636
       5.480       2.948       6.584       3.630       6.640
       5.490       2.950       6.586       3.633       6.643
       5.500       2.951       6.588       3.636       6.646
       5.510       2.953       6.590       3.638       6.649
       5.520       2.954       6.591       3.641       6.652
       5.530       2.956       6.593       3.644       6.655
       5.540       2.958       6.595       3.647       6.658
       5.550       2.959       6.597       3.650       6.661
       5.560       2.961       6.598       3.652       6.665
       5.570       2.962       6.600       3.655       6.668
       5.580       2.964       6.602       3.658       6.671
       5.590       2.966       6.603       3.661       6.674
       5.600       2.967       6.605       3.664       6.677
       5.610       2.969       6.607       3.667       6.680
       5.620       2.970       6.609       3.669       6.683
       5.630       2.972       6.610       3.672       6.687
       5.640       2.974       6.612       3.675       6.690
       5.650       2.975       6.614       3.678       6.693
       5.660       2.977       6.615       3.681       6.696
       5.670       2.978       6.617       3.684       6.699
       5.680       2.980       6.619       3.686       6.702
       5.690       2.982       6.621       3.689       6.705
       5.700       2.983       6.622       3.692       6.708
       5.710       2.985       6.624       3.695       6.712
       5.720       2.986       6.626       3.698       6.715
       5.730       2.988       6.628       3.701       6.718
       5.740       2.990       6.629       3.703       6.721
       5.750       2.991       6.631       3.706       6.724
       5.760       2.993       6.633       3.709       6.727
       5.770       2.994       6.634       3.712       6.730
       5.780       2.996       6.636       3.715       6.733
       5.790       2.998       6.638       3.718       6.737
       5.800       2.999       6.640       3.720       6.740
       5.810       3.001       6.641       3.723       6.743
       5.820       3.002       6.643       3.726       6.746
       5.830       3.004       6.645       3.729       6.749
       5.840       3.006       6.647       3.732       6.752
       5.850       3.007       6.648       3.735       6.755
       5.860       3.009       6.650       3.737       6.758
       5.870       3.010       6.652       3.740       6.762
       5.880       3.012       6.653       3.743       6.765
       5.890       3.014       6.655       3.746       6.768
       5.900       3.015       6.657       3.749       6.771
       5.910       3.017       6.659       3.752       6.774
       5.920       3.018       6.660       3.755       6.777
       5.930       3.020       6.662       3.757       6.780
       5.940       3.022       6.664       3.760       6.783
       5.950       3.023       6.666       3.763       6.787
       5.960       3.025       6.667       3.766       6.790
       5.970       3.027       6.669       3.769       6.793
       5.980       3.028       6.671       3.772       6.796
       5.990       3.030       6.672       3.775       6.799
       6.000       3.031       6.674       3.777       6.802
       6.010       3.033       6.676       3.780       6.805
       6.020       3.035       6.678       3.783       6.809
       6.030       3.036       6.679       3.786       6.812
       6.040       3.038       6.681       3.789       6.815
       6.050       3.039       6.683       3.792       6.818
       6.060       3.041       6.685       3.795       6.821
       6.070       3.043       6.686       3.798       6.824
       6.080       3.044       6.688       3.800       6.827
       6.090       3.046       6.690       3.803       6.830
       6.100       3.048       6.691       3.806       6.834
       6.110       3.049       6.693       3.809       6.837
       6.120       3.051       6.695       3.812       6.840
       6.130       3.052       6.697       3.815       6.843
       6.140       3.054       6.698       3.818       6.846
       6.150       3.056       6.700       3.821       6.849
       6.160       3.057       6.702       3.823       6.852
       6.170       3.059       6.704       3.826       6.855
       6.180       3.060       6.705       3.829       6.859
       6.190       3.062       6.707       3.832       6.862
       6.200       3.064       6.709       3.835       6.865
       6.210       3.065       6.710       3.838       6.868
       6.220       3.067       6.712       3.841       6.871
       6.230       3.069       6.714       3.844       6.874
       6.240       3.070       6.716       3.846       6.877
       6.250       3.072       6.717       3.849       6.880
       6.260       3.073       6.719       3.852       6.884
       6.270       3.075       6.721       3.855       6.887
       6.280       3.077       6.723       3.858       6.890
       6.290       3.078       6.724       3.861       6.893
       6.300       3.080       6.726       3.864       6.896
       6.310       3.082       6.728       3.867       6.899
       6.320       3.083       6.729       3.870       6.902
       6.330       3.085       6.731       3.872       6.906
       6.340       3.086       6.733       3.875       6.909
       6.350       3.088       6.735       3.878       6.912
       6.360       3.090       6.736       3.881       6.915
       6.370       3.091       6.738       3.884       6.918
       6.380       3.093       6.740       3.887       6.921
       6.390       3.095       6.742       3.890       6.924
       6.400       3.096       6.743       3.893       6.927
       6.410       3.098       6.745       3.896       6.931
       6.420       3.099       6.747       3.899       6.934
       6.430       3.101       6.748       3.901       6.937
       6.440       3.103       6.750       3.904       6.940
       6.450       3.104       6.752       3.907       6.943
       6.460       3.106       6.754       3.910       6.946
       6.470       3.108       6.755       3.913       6.949
       6.480       3.109       6.757       3.916       6.952
       6.490       3.111       6.759       3.919       6.956
       6.500       3.112       6.760       3.922       6.959
       6.510       3.114       6.762       3.925       6.962
       6.520       3.116       6.764       3.928       6.965
       6.530       3.117       6.766       3.930       6.968
       6.540       3.119       6.767       3.933       6.971
       6.550       3.121       6.769       3.936       6.974
       6.560       3.122       6.771       3.939       6.977
       6.570       3.124       6.773       3.942       6.981
       6.580       3.126       6.774       3.945       6.984
       6.590       3.127       6.776       3.948       6.987
       6.600       3.129       6.778       3.951       6.990
       6.610       3.130       6.779       3.954       6.993
       6.620       3.132       6.781       3.957       6.996
       6.630       3.134       6.783       3.960       6.999
       6.640       3.135       6.785       3.963       7.003
       6.650       3.137       6.786       3.965       7.006
       6.660       3.139       6.788       3.968       7.009
       6.670       3.140       6.790       3.971       7.012
       6.680       3.142       6.792       3.974       7.015
       6.690       3.143       6.793       3.977       7.018
       6.700       3.145       6.795       3.980       7.021
       6.710       3.147       6.797       3.983       7.024
       6.720       3.148       6.798       3.986       7.028
       6.730       3.150       6.800       3.989       7.031
       6.740       3.152       6.802       3.992       7.034
       6.750       3.153       6.804       3.995       7.037
       6.760       3.155       6.805       3.998       7.040
       6.770       3.157       6.807       4.000       7.043
       6.780       3.158       6.809       4.003       7.046
       6.790       3.160       6.811       4.006       7.049
       6.800       3.161       6.812       4.009       7.053
       6.810       3.163       6.814       4.012       7.056
       6.820       3.165       6.816       4.015       7.059
       6.830       3.166       6.817       4.018       7.062
       6.840       3.168       6.819       4.021       7.065
       6.850       3.170       6.821       4.024       7.068
       6.860       3.171       6.823       4.027       7.071
       6.870       3.173       6.824       4.030       7.074
       6.880       3.175       6.826       4.033       7.078
       6.890       3.176       6.828       4.036       7.081
       6.900       3.178       6.830       4.039       7.084
       6.910       3.180       6.831       4.041       7.087
       6.920       3.181       6.833       4.044       7.090
       6.930       3.183       6.835       4.047       7.093
       6.940       3.184       6.836       4.050       7.096
       6.950       3.186       6.838       4.053       7.099
       6.960       3.188       6.840       4.056       7.103
       6.970       3.189       6.842       4.059       7.106
       6.980       3.191       6.843       4.062       7.109
       6.990       3.193       6.845       4.065       7.112
       7.000       3.194       6.847       4.068       7.115
       7.010       3.196       6.849       4.071       7.118
       7.020       3.198       6.850       4.074       7.121
       7.030       3.199       6.852       4.077       7.125
       7.040       3.201       6.854       4.080       7.128
       7.050       3.203       6.855       4.083       7.131
       7.060       3.204       6.857       4.086       7.134
       7.070       3.206       6.859       4.088       7.137
       7.080       3.207       6.861       4.091       7.140
       7.090       3.209       6.862       4.094       7.143
       7.100       3.211       6.864       4.097       7.146
       7.110       3.212       6.866       4.100       7.150
       7.120       3.214       6.868       4.103       7.153
       7.130       3.216       6.869       4.106       7.156
       7.140       3.217       6.871       4.109       7.159
       7.150       3.219       6.873       4.112       7.162
       7.160       3.221       6.874       4.115       7.165
       7.170       3.222       6.876       4.118       7.168
       7.180       3.224       6.878       4.121       7.171
       7.190       3.226       6.880       4.124       7.175
       7.200       3.227       6.881       4.127       7.178
       7.210       3.229       6.883       4.130       7.181
       7.220       3.231       6.885       4.133       7.184
       7.230       3.232       6.886       4.136       7.187
       7.240       3.234       6.888       4.139       7.190
       7.250       3.235       6.890       4.142       7.193
       7.260       3.237       6.892       4.145       7.196
       7.270       3.239       6.893       4.147       7.200
       7.280       3.240       6.895       4.150       7.203
       7.290       3.242       6.897       4.153       7.206
       7.300       3.244       6.899       4.156       7.209
       7.310       3.245       6.900       4.159       7.212
       7.320       3.247       6.902       4.162       7.215
       7.330       3.249       6.904       4.165       7.218
       7.340       3.250       6.905       4.168       7.222
       7.350       3.252       6.907       4.171       7.225
       7.360       3.254       6.909       4.174       7.228
       7.370       3.255       6.911       4.177       7.231
       7.380       3.257       6.912       4.180       7.234
       7.390       3.259       6.914       4.183       7.237
       7.400       3.260       6.916       4.186       7.240
       7.410       3.262       6.918       4.189       7.243
       7.420       3.264       6.919       4.192       7.247
       7.430       3.265       6.921       4.195       7.250
       7.440       3.267       6.923       4.198       7.253
       7.450       3.269       6.924       4.201       7.256
       7.460       3.270       6.926       4.204       7.259
       7.470       3.272       6.928       4.207       7.262
       7.480       3.273       6.930       4.210       7.265
       7.490       3.275       6.931       4.213       7.268
       7.500       3.277       6.933       4.216       7.272
       7.510       3.278       6.935       4.219       7.275
       7.520       3.280       6.937       4.222       7.278
       7.530       3.282       6.938       4.224       7.281
       7.540       3.283       6.940       4.227       7.284
       7.550       3.285       6.942       4.230       7.287
       7.560       3.287       6.943       4.233       7.290
       7.570       3.288       6.945       4.236       7.293
       7.580       3.290       6.947       4.239       7.297
       7.590       3.292       6.949       4.242       7.300
       7.600       3.293       6.950       4.245       7.303
       7.610       3.295       6.952       4.248       7.306
       7.620       3.297       6.954       4.251       7.309
       7.630       3.298       6.956       4.254       7.312
       7.640       3.300       6.957       4.257       7.315
       7.650       3.302       6.959       4.260       7.318
       7.660       3.303       6.961       4.263       7.322
       7.670       3.305       6.962       4.266       7.325
       7.680       3.307       6.964       4.269       7.328
       7.690       3.308       6.966       4.272       7.331
       7.700       3.310       6.968       4.275       7.334
       7.710       3.312       6.969       4.278       7.337
       7.720       3.313       6.971       4.281       7.340
       7.730       3.315       6.973       4.284       7.344
       7.740       3.317       6.975       4.287       7.347
       7.750       3.318       6.976       4.290       7.350
       7.760       3.320       6.978       4.293       7.353
       7.770       3.322       6.980       4.296       7.356
       7.780       3.323       6.981       4.299       7.359
       7.790       3.325       6.983       4.302       7.362
       7.800       3.327       6.985       4.305       7.365
       7.810       3.328       6.987       4.308       7.369
       7.820       3.330       6.988       4.311       7.372
       7.830       3.331       6.990       4.314       7.375
       7.840       3.333       6.992       4.317       7.378
       7.850       3.335       6.994       4.320       7.381
       7.860       3.336       6.995       4.323       7.384
       7.870       3.338       6.997       4.326       7.387
       7.880       3.340       6.999       4.329       7.390
       7.890       3.341       7.000       4.332       7.394
       7.900       3.343       7.002       4.335       7.397
       7.910       3.345       7.004       4.338       7.400
       7.920       3.346       7.006       4.341       7.403
       7.930       3.348       7.007       4.344       7.406
       7.940       3.350       7.009       4.347       7.409
       7.950       3.351       7.011       4.350       7.412
       7.960       3.353       7.013       4.353       7.415
       7.970       3.355       7.014       4.356       7.419
       7.980       3.356       7.016       4.358       7.422
       7.990       3.358       7.018       4.361       7.425
       8.000       3.360       7.019       4.364       7.428
       8.010       3.361       7.021       4.367       7.431
       8.020       3.363       7.023       4.370       7.434
       8.030       3.365       7.025       4.373       7.437
       8.040       3.366       7.026       4.376       7.441
       8.050       3.368       7.028       4.379       7.444
       8.060       3.370       7.030       4.382       7.447
       8.070       3.371       7.031       4.385       7.450
       8.080       3.373       7.033       4.388       7.453
       8.090       3.375       7.035       4.391       7.456
       8.100       3.376       7.037       4.394       7.459
       8.110       3.378       7.038       4.397       7.462
       8.120       3.380       7.040       4.400       7.466
       8.130       3.381       7.042       4.403       7.469
       8.140       3.383       7.044       4.406       7.472
       8.150       3.385       7.045       4.409       7.475
       8.160       3.386       7.047       4.412       7.478
       8.170       3.388       7.049       4.415       7.481
       8.180       3.390       7.050       4.418       7.484
       8.190       3.391       7.052       4.421       7.487
       8.200       3.393       7.054       4.424       7.491
       8.210       3.395       7.056       4.427       7.494
       8.220       3.396       7.057       4.430       7.497
       8.230       3.398       7.059       4.433       7.500
       8.240       3.400       7.061       4.436       7.503
       8.250       3.401       7.063       4.439       7.506
       8.260       3.403       7.064       4.442       7.509
       8.270       3.405       7.066       4.445       7.512
       8.280       3.406       7.068       4.448       7.516
       8.290       3.408       7.069       4.451       7.519
       8.300       3.410       7.071       4.454       7.522
       8.310       3.411       7.073       4.457       7.525
       8.320       3.413       7.075       4.460       7.528
       8.330       3.415       7.076       4.463       7.531
       8.340       3.416       7.078       4.466       7.534
       8.350       3.418       7.080       4.469       7.537
       8.360       3.420       7.082       4.472       7.541
       8.370       3.423       7.083       4.475       7.544
       8.380       3.425       7.085       4.478       7.547
       8.390       3.426       7.087       4.481       7.550
       8.400       3.428       7.088       4.484       7.553
       8.410       3.430       7.090       4.487       7.556
       8.420       3.431       7.092       4.490       7.559
       8.430       3.433       7.094       4.493       7.563
       8.440       3.435       7.095       4.496       7.566
       8.450       3.436       7.097       4.499       7.569
       8.460       3.438       7.099       4.502       7.572
       8.470       3.440       7.101       4.505       7.575
       8.480       3.441       7.102       4.508       7.578
       8.490       3.443       7.104       4.511       7.581
       8.500       3.445       7.106       4.514       7.584
       8.510       3.446       7.107       4.517       7.588
       8.520       3.448       7.109       4.520       7.591
       8.530       3.450       7.111       4.523       7.594
       8.540       3.451       7.113       4.526       7.597
       8.550       3.453       7.114       4.529       7.600
       8.560       3.455       7.116       4.532       7.603
       8.570       3.456       7.118       4.535       7.606
       8.580       3.458       7.120       4.538       7.609
       8.590       3.460       7.121       4.541       7.613
       8.600       3.461       7.123       4.544       7.616
       8.610       3.463       7.125       4.547       7.619
       8.620       3.465       7.126       4.550       7.622
       8.630       3.466       7.128       4.553       7.625
       8.640       3.468       7.130       4.556       7.628
       8.650       3.470       7.132       4.559       7.631
       8.660       3.471       7.133       4.562       7.634
       8.670       3.473       7.135       4.566       7.638
       8.680       3.475       7.137       4.569       7.641
       8.690       3.476       7.139       4.572       7.644
       8.700       3.478       7.140       4.575       7.647
       8.710       3.480       7.142       4.578       7.650
       8.720       3.481       7.144       4.581       7.653
       8.730       3.483       7.145       4.584       7.656
       8.740       3.485       7.147       4.587       7.660
       8.750       3.486       7.149       4.590       7.663
       8.760       3.488       7.151       4.593       7.666
       8.770       3.490       7.152       4.596       7.669
       8.780       3.491       7.154       4.599       7.672
       8.790       3.493       7.156       4.602       7.675
       8.800       3.495       7.157       4.605       7.678
       8.810       3.496       7.159       4.608       7.681
       8.820       3.498       7.161       4.611       7.685
       8.830       3.500       7.163       4.614       7.688
       8.840       3.501       7.164       4.617       7.691
       8.850       3.503       7.166       4.620       7.694
       8.860       3.505       7.168       4.623       7.697
       8.870       3.506       7.170       4.626       7.700
       8.880       3.508       7.171       4.629       7.703
       8.890       3.510       7.173       4.632       7.706
       8.900       3.511       7.175       4.635       7.710
       8.910       3.513       7.176       4.638       7.713
       8.920       3.515       7.178       4.641       7.716
       8.930       3.517       7.180       4.644       7.719
       8.940       3.518       7.182       4.647       7.722
       8.950       3.520       7.183       4.650       7.725
       8.960       3.522       7.185       4.653       7.728
       8.970       3.523       7.187       4.656       7.731
       8.980       3.525       7.189       4.659       7.735
       8.990       3.527       7.190       4.662       7.738
       9.000       3.528       7.192       4.665       7.741
       9.010       3.530       7.194       4.668       7.744
       9.020       3.532       7.195       4.671       7.747
       9.030       3.533       7.197       4.674       7.750
       9.040       3.535       7.199       4.677       7.753
       9.050       3.537       7.201       4.680       7.756
       9.060       3.538       7.202       4.683       7.760
       9.070       3.540       7.204       4.686       7.763
       9.080       3.542       7.206       4.689       7.766
       9.090       3.543       7.208       4.692       7.769
       9.100       3.545       7.209       4.695       7.772
       9.110       3.547       7.211       4.698       7.775
       9.120       3.548       7.213       4.701       7.778
       9.130       3.550       7.214       4.704       7.782
       9.140       3.552       7.216       4.707       7.785
       9.150       3.553       7.218       4.710       7.788
       9.160       3.555       7.220       4.713       7.791
       9.170       3.557       7.221       4.716       7.794
       9.180       3.558       7.223       4.719       7.797
       9.190       3.560       7.225       4.723       7.800
       9.200       3.562       7.227       4.726       7.803
       9.210       3.563       7.228       4.729       7.807
       9.220       3.565       7.230       4.732       7.810
       9.230       3.567       7.232       4.735       7.813
       9.240       3.568       7.233       4.738       7.816
       9.250       3.570       7.235       4.741       7.819
       9.260       3.572       7.237       4.744       7.822
       9.270       3.573       7.239       4.747       7.825
       9.280       3.575       7.240       4.750       7.828
       9.290       3.577       7.242       4.753       7.832
       9.300       3.578       7.244       4.756       7.835
       9.310       3.580       7.246       4.759       7.838
       9.320       3.582       7.247       4.762       7.841
       9.330       3.584       7.249       4.765       7.844
       9.340       3.585       7.251       4.768       7.847
       9.350       3.587       7.252       4.771       7.850
       9.360       3.589       7.254       4.774       7.853
       9.370       3.590       7.256       4.777       7.857
       9.380       3.592       7.258       4.780       7.860
       9.390       3.594       7.259       4.783       7.863
       9.400       3.595       7.261       4.786       7.866
       9.410       3.597       7.263       4.789       7.869
       9.420       3.599       7.265       4.792       7.872
       9.430       3.600       7.266       4.795       7.875
       9.440       3.602       7.268       4.798       7.879
       9.450       3.604       7.270       4.801       7.882
       9.460       3.605       7.271       4.804       7.885
       9.470       3.607       7.273       4.807       7.888
       9.480       3.609       7.275       4.810       7.891
       9.490       3.610       7.277       4.813       7.894
       9.500       3.612       7.278       4.816       7.897
       9.510       3.614       7.280       4.819       7.900
       9.520       3.615       7.282       4.823       7.904
       9.530       3.617       7.284       4.826       7.907
       9.540       3.619       7.285       4.829       7.910
       9.550       3.620       7.287       4.832       7.913
       9.560       3.622       7.289       4.835       7.916
       9.570       3.624       7.290       4.838       7.919
       9.580       3.626       7.292       4.841       7.922
       9.590       3.627       7.294       4.844       7.925
       9.600       3.629       7.296       4.847       7.929
       9.610       3.631       7.297       4.850       7.932
       9.620       3.632       7.299       4.853       7.935
       9.630       3.634       7.301       4.856       7.938
       9.640       3.636       7.302       4.859       7.941
       9.650       3.637       7.304       4.862       7.944
       9.660       3.639       7.306       4.865       7.947
       9.670       3.641       7.308       4.868       7.950
       9.680       3.642       7.309       4.871       7.954
       9.690       3.644       7.311       4.874       7.957
       9.700       3.646       7.313       4.877       7.960
       9.710       3.647       7.315       4.880       7.963
       9.720       3.649       7.316       4.883       7.966
       9.730       3.651       7.318       4.886       7.969
       9.740       3.652       7.320       4.889       7.972
       9.750       3.654       7.321       4.892       7.975
       9.760       3.656       7.323       4.895       7.979
       9.770       3.657       7.325       4.898       7.982
       9.780       3.659       7.327       4.901       7.985
       9.790       3.661       7.328       4.905       7.988
       9.800       3.662       7.330       4.908       7.991
       9.810       3.664       7.332       4.911       7.994
       9.820       3.666       7.334       4.914       7.997
       9.830       3.668       7.335       4.917       8.001
       9.840       3.669       7.337       4.920       8.004
       9.850       3.671       7.339       4.923       8.007
       9.860       3.673       7.340       4.926       8.010
       9.870       3.674       7.342       4.929       8.013
       9.880       3.676       7.344       4.932       8.016
       9.890       3.678       7.346       4.935       8.019
       9.900       3.679       7.347       4.938       8.022
       9.910       3.681       7.349       4.941       8.026
       9.920       3.683       7.351       4.944       8.029
       9.930       3.684       7.353       4.947       8.032
       9.940       3.686       7.354       4.950       8.035
       9.950       3.688       7.356       4.953       8.038
       9.960       3.689       7.358       4.956       8.041
       9.970       3.691       7.359       4.959       8.044
       9.980       3.693       7.361       4.962       8.047
       9.990       3.694       7.363       4.965       8.051
      10.000       3.696       7.365       4.968       8.054
      10.010       3.698       7.366       4.971       8.057
      10.020       3.700       7.368       4.974       8.060
      10.030       3.701       7.370       4.978       8.063
      10.040       3.703       7.372       4.981       8.066
      10.050       3.705       7.373       4.984       8.069
      10.060       3.706       7.375       4.987       8.072
      10.070       3.708       7.377       4.990       8.076
      10.080       3.710       7.378       4.993       8.079
      10.090       3.711       7.380       4.996       8.082
      10.100       3.713       7.382       4.999       8.085
      10.110       3.715       7.384       5.002       8.088
      10.120       3.716       7.385       5.005       8.091
      10.130       3.718       7.387       5.008       8.094
      10.140       3.720       7.389       5.011       8.098
      10.150       3.721       7.391       5.014       8.101
      10.160       3.723       7.392       5.017       8.104
      10.170       3.725       7.394       5.020       8.107
      10.180       3.726       7.396       5.023       8.110
      10.190       3.728       7.397       5.026       8.113
      10.200       3.730       7.399       5.029       8.116
      10.210       3.732       7.401       5.032       8.119
      10.220       3.733       7.403       5.035       8.123
      10.230       3.735       7.404       5.038       8.126
      10.240       3.737       7.406       5.042       8.129
      10.250       3.738       7.408       5.045       8.132
      10.260       3.740       7.410       5.048       8.135
      10.270       3.742       7.411       5.051       8.138
      10.280       3.743       7.413       5.054       8.141
      10.290       3.745       7.415       5.057       8.144
      10.300       3.747       7.416       5.060       8.148
      10.310       3.748       7.418       5.063       8.151
      10.320       3.750       7.420       5.066       8.154
      10.330       3.752       7.422       5.069       8.157
      10.340       3.753       7.423       5.072       8.160
      10.350       3.755       7.425       5.075       8.163
      10.360       3.757       7.427       5.078       8.166
      10.370       3.759       7.428       5.081       8.169
      10.380       3.760       7.430       5.084       8.173
      10.390       3.762       7.432       5.087       8.176
      10.400       3.764       7.434       5.090       8.179
      10.410       3.765       7.435       5.093       8.182
      10.420       3.767       7.437       5.096       8.185
      10.430       3.769       7.439       5.099       8.188
      10.440       3.770       7.441       5.103       8.191
      10.450       3.772       7.442       5.106       8.194
      10.460       3.774       7.444       5.109       8.198
      10.470       3.775       7.446       5.112       8.201
      10.480       3.777       7.447       5.115       8.204
      10.490       3.779       7.449       5.118       8.207
      10.500       3.780       7.451       5.121       8.210
      10.510       3.782       7.453       5.124       8.213
      10.520       3.784       7.454       5.127       8.216
      10.530       3.786       7.456       5.130       8.220
      10.540       3.787       7.458       5.133       8.223
      10.550       3.789       7.460       5.136       8.226
      10.560       3.791       7.461       5.139       8.229
      10.570       3.792       7.463       5.142       8.232
      10.580       3.794       7.465       5.145       8.235
      10.590       3.796       7.466       5.148       8.238
      10.600       3.797       7.468       5.151       8.241
      10.610       3.799       7.470       5.154       8.245
      10.620       3.801       7.472       5.157       8.248
      10.630       3.802       7.473       5.161       8.251
      10.640       3.804       7.475       5.164       8.254
      10.650       3.806       7.477       5.167       8.257
      10.660       3.808       7.479       5.170       8.260
      10.670       3.809       7.480       5.173       8.263
      10.680       3.811       7.482       5.176       8.266
      10.690       3.813       7.484       5.179       8.270
      10.700       3.814       7.485       5.182       8.273
      10.710       3.816       7.487       5.185       8.276
      10.720       3.818       7.489       5.188       8.279
      10.730       3.819       7.491       5.191       8.282
      10.740       3.821       7.492       5.194       8.285
      10.750       3.823       7.494       5.197       8.288
      10.760       3.824       7.496       5.200       8.291
      10.770       3.826       7.498       5.203       8.295
      10.780       3.828       7.499       5.206       8.298
      10.790       3.829       7.501       5.209       8.301
      10.800       3.831       7.503       5.212       8.304
      10.810       3.833       7.504       5.216       8.307
      10.820       3.835       7.506       5.219       8.310
      10.830       3.836       7.508       5.222       8.313
      10.840       3.838       7.510       5.225       8.317
      10.850       3.840       7.511       5.228       8.320
      10.860       3.841       7.513       5.231       8.323
      10.870       3.843       7.515       5.234       8.326
      10.880       3.845       7.517       5.237       8.329
      10.890       3.846       7.518       5.240       8.332
      10.900       3.848       7.520       5.243       8.335
      10.910       3.850       7.522       5.246       8.338
      10.920       3.851       7.523       5.249       8.342
      10.930       3.853       7.525       5.252       8.345
      10.940       3.855       7.527       5.255       8.348
      10.950       3.857       7.529       5.258       8.351
      10.960       3.858       7.530       5.261       8.354
      10.970       3.860       7.532       5.264       8.357
      10.980       3.862       7.534       5.268       8.360
      10.990       3.863       7.536       5.271       8.363
      11.000       3.865       7.537       5.274       8.367
      11.010       3.867       7.539       5.277       8.370
      11.020       3.868       7.541       5.280       8.373
      11.030       3.870       7.542       5.283       8.376
      11.040       3.872       7.544       5.286       8.379
      11.050       3.873       7.546       5.289       8.382
      11.060       3.875       7.548       5.292       8.385
      11.070       3.877       7.549       5.295       8.388
      11.080       3.879       7.551       5.298       8.392
      11.090       3.880       7.553       5.301       8.395
      11.100       3.882       7.555       5.304       8.398
      11.110       3.884       7.556       5.307       8.401
      11.120       3.885       7.558       5.310       8.404
      11.130       3.887       7.560       5.313       8.407
      11.140       3.889       7.561       5.317       8.410
      11.150       3.890       7.563       5.320       8.414
      11.160       3.892       7.565       5.323       8.417
      11.170       3.894       7.567       5.326       8.420
      11.180       3.895       7.568       5.329       8.423
      11.190       3.897       7.570       5.332       8.426
      11.200       3.899       7.572       5.335       8.429
      11.210       3.901       7.573       5.338       8.432
      11.220       3.902       7.575       5.341       8.435
      11.230       3.904       7.577       5.344       8.439
      11.240       3.906       7.579       5.347       8.442
      11.250       3.907       7.580       5.350       8.445
      11.260       3.909       7.582       5.353       8.448
      11.270       3.911       7.584       5.356       8.451
      11.280       3.912       7.586       5.359       8.454
      11.290       3.914       7.587       5.362       8.457
      11.300       3.916       7.589       5.366       8.460
      11.310       3.917       7.591       5.369       8.464
      11.320       3.919       7.592       5.372       8.467
      11.330       3.921       7.594       5.375       8.470
      11.340       3.923       7.596       5.378       8.473
      11.350       3.924       7.598       5.381       8.476
      11.360       3.926       7.599       5.384       8.479
      11.370       3.928       7.601       5.387       8.482
      11.380       3.929       7.603       5.390       8.485
      11.390       3.931       7.605       5.393       8.489
      11.400       3.933       7.606       5.396       8.492
      11.410       3.934       7.608       5.399       8.495
      11.420       3.936       7.610       5.402       8.498
      11.430       3.938       7.611       5.405       8.501
      11.440       3.940       7.613       5.408       8.504
      11.450       3.941       7.615       5.412       8.507
      11.460       3.943       7.617       5.415       8.510
      11.470       3.945       7.618       5.418       8.514
      11.480       3.946       7.620       5.421       8.517
      11.490       3.948       7.622       5.424       8.520
      11.500       3.950       7.624       5.427       8.523
      11.510       3.951       7.625       5.430       8.526
      11.520       3.953       7.627       5.433       8.529
      11.530       3.955       7.629       5.436       8.532
      11.540       3.956       7.630       5.439       8.536
      11.550       3.958       7.632       5.442       8.539
      11.560       3.960       7.634       5.445       8.542
      11.570       3.962       7.636       5.448       8.545
      11.580       3.963       7.637       5.451       8.548
      11.590       3.965       7.639       5.454       8.551
      11.600       3.967       7.641       5.458       8.554
      11.610       3.968       7.643       5.461       8.557
      11.620       3.970       7.644       5.464       8.561
      11.630       3.972       7.646       5.467       8.564
      11.640       3.973       7.648       5.470       8.567
      11.650       3.975       7.649       5.473       8.570
      11.660       3.977       7.651       5.476       8.573
      11.670       3.979       7.653       5.479       8.576
      11.680       3.980       7.655       5.482       8.579
      11.690       3.982       7.656       5.485       8.582
      11.700       3.984       7.658       5.488       8.586
      11.710       3.985       7.660       5.491       8.589
      11.720       3.987       7.662       5.494       8.592
      11.730       3.989       7.663       5.497       8.595
      11.740       3.990       7.665       5.501       8.598
      11.750       3.992       7.667       5.504       8.601
      11.760       3.994       7.668       5.507       8.604
      11.770       3.995       7.670       5.510       8.607
      11.780       3.997       7.672       5.513       8.611
      11.790       3.999       7.674       5.516       8.614
      11.800       4.001       7.675       5.519       8.617
      11.810       4.002       7.677       5.522       8.620
      11.820       4.004       7.679       5.525       8.623
      11.830       4.006       7.681       5.528       8.626
      11.840       4.007       7.682       5.531       8.629
      11.850       4.009       7.684       5.534       8.633
      11.860       4.011       7.686       5.537       8.636
      11.870       4.012       7.687       5.540       8.639
      11.880       4.014       7.689       5.543       8.642
      11.890       4.016       7.691       5.547       8.645
      11.900       4.018       7.693       5.550       8.648
      11.910       4.019       7.694       5.553       8.651
      11.920       4.021       7.696       5.556       8.654
      11.930       4.023       7.698       5.559       8.658
      11.940       4.024       7.700       5.562       8.661
      11.950       4.026       7.701       5.565       8.664
      11.960       4.028       7.703       5.568       8.667
      11.970       4.029       7.705       5.571       8.670
      11.980       4.031       7.706       5.574       8.673
      11.990       4.033       7.708       5.577       8.676
      12.000       4.035       7.710       5.580       8.679
      12.010       4.036       7.712       5.583       8.683
      12.020       4.038       7.713       5.587       8.686
      12.030       4.040       7.715       5.590       8.689
      12.040       4.041       7.717       5.593       8.692
      12.050       4.043       7.718       5.596       8.695
      12.060       4.045       7.720       5.599       8.698
      12.070       4.046       7.722       5.602       8.701
      12.080       4.048       7.724       5.605       8.704
      12.090       4.050       7.725       5.608       8.708
      12.100       4.051       7.727       5.611       8.711
      12.110       4.053       7.729       5.614       8.714
      12.120       4.055       7.731       5.617       8.717
      12.130       4.057       7.732       5.620       8.720
      12.140       4.058       7.734       5.623       8.723
      12.150       4.060       7.736       5.626       8.726
      12.160       4.062       7.737       5.630       8.729
      12.170       4.063       7.739       5.633       8.733
      12.180       4.065       7.741       5.636       8.736
      12.190       4.067       7.743       5.639       8.739
      12.200       4.068       7.744       5.642       8.742
      12.210       4.070       7.746       5.645       8.745
      12.220       4.072       7.748       5.648       8.748
      12.230       4.074       7.750       5.651       8.751
      12.240       4.075       7.751       5.654       8.755
      12.250       4.077       7.753       5.657       8.758
      12.260       4.079       7.755       5.660       8.761
      12.270       4.080       7.756       5.663       8.764
      12.280       4.082       7.758       5.666       8.767
      12.290       4.084       7.760       5.670       8.770
      12.300       4.085       7.762       5.673       8.773
      12.310       4.087       7.763       5.676       8.776
      12.320       4.089       7.765       5.679       8.780
      12.330       4.091       7.767       5.682       8.783
      12.340       4.092       7.769       5.685       8.786
      12.350       4.094       7.770       5.688       8.789
      12.360       4.096       7.772       5.691       8.792
      12.370       4.097       7.774       5.694       8.795
      12.380       4.099       7.775       5.697       8.798
      12.390       4.101       7.777       5.700       8.801
      12.400       4.102       7.779       5.703       8.805
      12.410       4.104       7.781       5.706       8.808
      12.420       4.106       7.782       5.710       8.811
      12.430       4.108       7.784       5.713       8.814
      12.440       4.109       7.786       5.716       8.817
      12.450       4.111       7.788       5.719       8.820
      12.460       4.113       7.789       5.722       8.823
      12.470       4.114       7.791       5.725       8.826
      12.480       4.116       7.793       5.728       8.830
      12.490       4.118       7.794       5.731       8.833
      12.500       4.119       7.796       5.734       8.836
      12.510       4.121       7.798       5.737       8.839
      12.520       4.123       7.800       5.740       8.842
      12.530       4.125       7.801       5.743       8.845
      12.540       4.126       7.803       5.746       8.848
      12.550       4.128       7.805       5.750       8.852
      12.560       4.130       7.807       5.753       8.855
      12.570       4.131       7.808       5.756       8.858
      12.580       4.133       7.810       5.759       8.861
      12.590       4.135       7.812       5.762       8.864
      12.600       4.136       7.813       5.765       8.867
      12.610       4.138       7.815       5.768       8.870
      12.620       4.140       7.817       5.771       8.873
      12.630       4.142       7.819       5.774       8.877
      12.640       4.143       7.820       5.777       8.880
      12.650       4.145       7.822       5.780       8.883
      12.660       4.147       7.824       5.783       8.886
      12.670       4.148       7.826       5.786       8.889
      12.680       4.150       7.827       5.790       8.892
      12.690       4.152       7.829       5.793       8.895
      12.700       4.153       7.831       5.796       8.898
      12.710       4.155       7.832       5.799       8.902
      12.720       4.157       7.834       5.802       8.905
      12.730       4.159       7.836       5.805       8.908
      12.740       4.160       7.838       5.808       8.911
      12.750       4.162       7.839       5.811       8.914
      12.760       4.164       7.841       5.814       8.917
      12.770       4.165       7.843       5.817       8.920
      12.780       4.167       7.844       5.820       8.923
      12.790       4.169       7.846       5.823       8.927
      12.800       4.170       7.848       5.826       8.930
      12.810       4.172       7.850       5.830       8.933
      12.820       4.174       7.851       5.833       8.936
      12.830       4.176       7.853       5.836       8.939
      12.840       4.177       7.855       5.839       8.942
      12.850       4.179       7.857       5.842       8.945
      12.860       4.181       7.858       5.845       8.948
      12.870       4.182       7.860       5.848       8.952
      12.880       4.184       7.862       5.851       8.955
      12.890       4.186       7.863       5.854       8.958
      12.900       4.188       7.865       5.857       8.961
      12.910       4.189       7.867       5.860       8.964
      12.920       4.191       7.869       5.863       8.967
      12.930       4.193       7.870       5.867       8.970
      12.940       4.194       7.872       5.870       8.974
      12.950       4.196       7.874       5.873       8.977
      12.960       4.198       7.876       5.876       8.980
      12.970       4.199       7.877       5.879       8.983
      12.980       4.201       7.879       5.882       8.986
      12.990       4.203       7.881       5.885       8.989
      13.000       4.205       7.882       5.888       8.992
      13.010       4.206       7.884       5.891       8.995
      13.020       4.208       7.886       5.894       8.999
      13.030       4.210       7.888       5.897       9.002
      13.040       4.211       7.889       5.900       9.005
      13.050       4.213       7.891       5.904       9.008
      13.060       4.215       7.893       5.907       9.011
      13.070       4.216       7.895       5.910       9.014
      13.080       4.218       7.896       5.913       9.017
      13.090       4.220       7.898       5.916       9.020
      13.100       4.222       7.900       5.919       9.024
      13.110       4.223       7.901       5.922       9.027
      13.120       4.225       7.903       5.925       9.030
      13.130       4.227       7.905       5.928       9.033
      13.140       4.228       7.907       5.931       9.036
      13.150       4.230       7.908       5.934       9.039
      13.160       4.232       7.910       5.937       9.042
      13.170       4.233       7.912       5.941       9.045
      13.180       4.235       7.914       5.944       9.049
      13.190       4.237       7.915       5.947       9.052
      13.200       4.239       7.917       5.950       9.055
      13.210       4.240       7.919       5.953       9.058
      13.220       4.242       7.920       5.956       9.061
      13.230       4.244       7.922       5.959       9.064
      13.240       4.245       7.924       5.962       9.067
      13.250       4.247       7.926       5.965       9.071
      13.260       4.249       7.927       5.968       9.074
      13.270       4.251       7.929       5.971       9.077
      13.280       4.252       7.931       5.974       9.080
      13.290       4.254       7.933       5.978       9.083
      13.300       4.256       7.934       5.981       9.086
      13.310       4.257       7.936       5.984       9.089
      13.320       4.259       7.938       5.987       9.092
      13.330       4.261       7.939       5.990       9.096
      13.340       4.262       7.941       5.993       9.099
      13.350       4.264       7.943       5.996       9.102
      13.360       4.266       7.945       5.999       9.105
      13.370       4.268       7.946       6.002       9.108
      13.380       4.269       7.948       6.005       9.111
      13.390       4.271       7.950       6.008       9.114
      13.400       4.273       7.952       6.011       9.117
      13.410       4.274       7.953       6.015       9.121
      13.420       4.276       7.955       6.018       9.124
      13.430       4.278       7.957       6.021       9.127
      13.440       4.279       7.958       6.024       9.130
      13.450       4.281       7.960       6.027       9.133
      13.460       4.283       7.962       6.030       9.136
      13.470       4.285       7.964       6.033       9.139
      13.480       4.286       7.965       6.036       9.142
      13.490       4.288       7.967       6.039       9.146
      13.500       4.290       7.969       6.042       9.149
      13.510       4.291       7.971       6.045       9.152
      13.520       4.293       7.972       6.048       9.155
      13.530       4.295       7.974       6.052       9.158
      13.540       4.297       7.976       6.055       9.161
      13.550       4.298       7.977       6.058       9.164
      13.560       4.300       7.979       6.061       9.167
      13.570       4.302       7.981       6.064       9.171
      13.580       4.303       7.983       6.067       9.174
      13.590       4.305       7.984       6.070       9.177
      13.600       4.307       7.986       6.073       9.180
      13.610       4.308       7.988       6.076       9.183
      13.620       4.310       7.989       6.079       9.186
      13.630       4.312       7.991       6.082       9.189
      13.640       4.314       7.993       6.085       9.193
      13.650       4.315       7.995       6.089       9.196
      13.660       4.317       7.996       6.092       9.199
      13.670       4.319       7.998       6.095       9.202
      13.680       4.320       8.000       6.098       9.205
      13.690       4.322       8.002       6.101       9.208
      13.700       4.324       8.003       6.104       9.211
      13.710       4.325       8.005       6.107       9.214
      13.720       4.327       8.007       6.110       9.218
      13.730       4.329       8.008       6.113       9.221
      13.740       4.331       8.010       6.116       9.224
      13.750       4.332       8.012       6.119       9.227
      13.760       4.334       8.014       6.123       9.230
      13.770       4.336       8.015       6.126       9.233
      13.780       4.337       8.017       6.129       9.236
      13.790       4.339       8.019       6.132       9.239
      13.800       4.341       8.021       6.135       9.243
      13.810       4.343       8.022       6.138       9.246
      13.820       4.344       8.024       6.141       9.249
      13.830       4.346       8.026       6.144       9.252
      13.840       4.348       8.027       6.147       9.255
      13.850       4.349       8.029       6.150       9.258
      13.860       4.351       8.031       6.153       9.261
      13.870       4.353       8.033       6.156       9.264
      13.880       4.354       8.034       6.160       9.268
      13.890       4.356       8.036       6.163       9.271
      13.900       4.358       8.038       6.166       9.274
      13.910       4.360       8.040       6.169       9.277
      13.920       4.361       8.041       6.172       9.280
      13.930       4.363       8.043       6.175       9.283
      13.940       4.365       8.045       6.178       9.286
      13.950       4.366       8.046       6.181       9.290
      13.960       4.368       8.048       6.184       9.293
      13.970       4.370       8.050       6.187       9.296
      13.980       4.372       8.052       6.190       9.299
      13.990       4.373       8.053       6.194       9.302
      14.000       4.375       8.055       6.197       9.305
      14.010       4.377       8.057       6.200       9.308
      14.020       4.378       8.059       6.203       9.311
      14.030       4.380       8.060       6.206       9.315
      14.040       4.382       8.062       6.209       9.318
      14.050       4.383       8.064       6.212       9.321
      14.060       4.385       8.065       6.215       9.324
      14.070       4.387       8.067       6.218       9.327
      14.080       4.389       8.069       6.221       9.330
      14.090       4.390       8.071       6.224       9.333
      14.100       4.392       8.072       6.228       9.336
      14.110       4.394       8.074       6.231       9.340
      14.120       4.395       8.076       6.234       9.343
      14.130       4.397       8.078       6.237       9.346
      14.140       4.399       8.079       6.240       9.349
      14.150       4.401       8.081       6.243       9.352
      14.160       4.402       8.083       6.246       9.355
      14.170       4.404       8.084       6.249       9.358
      14.180       4.406       8.086       6.252       9.361
      14.190       4.407       8.088       6.255       9.365
      14.200       4.409       8.090       6.258       9.368
      14.210       4.411       8.091       6.262       9.371
      14.220       4.412       8.093       6.265       9.374
      14.230       4.414       8.095       6.268       9.377
      14.240       4.416       8.097       6.271       9.380
      14.250       4.418       8.098       6.274       9.383
      14.260       4.419       8.100       6.277       9.386
      14.270       4.421       8.102       6.280       9.390
      14.280       4.423       8.103       6.283       9.393
      14.290       4.424       8.105       6.286       9.396
      14.300       4.426       8.107       6.289       9.399
      14.310       4.428       8.109       6.292       9.402
      14.320       4.430       8.110       6.296       9.405
      14.330       4.431       8.112       6.299       9.408
      14.340       4.433       8.114       6.302       9.412
      14.350       4.435       8.115       6.305       9.415
      14.360       4.436       8.117       6.308       9.418
      14.370       4.438       8.119       6.311       9.421
      14.380       4.440       8.121       6.314       9.424
      14.390       4.441       8.122       6.317       9.427
      14.400       4.443       8.124       6.320       9.430
      14.410       4.445       8.126       6.323       9.433
      14.420       4.447       8.128       6.326       9.437
      14.430       4.448       8.129       6.330       9.440
      14.440       4.450       8.131       6.333       9.443
      14.450       4.452       8.133       6.336       9.446
      14.460       4.453       8.134       6.339       9.449
      14.470       4.455       8.136       6.342       9.452
      14.480       4.457       8.138       6.345       9.455
      14.490       4.459       8.140       6.348       9.458
      14.500       4.460       8.141       6.351       9.462
      14.510       4.462       8.143       6.354       9.465
      14.520       4.464       8.145       6.357       9.468
      14.530       4.465       8.147       6.360       9.471
      14.540       4.467       8.148       6.364       9.474
      14.550       4.469       8.150       6.367       9.477
      14.560       4.471       8.152       6.370       9.480
      14.570       4.472       8.153       6.373       9.483
      14.580       4.474       8.155       6.376       9.487
      14.590       4.476       8.157       6.379       9.490
      14.600       4.477       8.159       6.382       9.493
      14.610       4.479       8.160       6.385       9.496
      14.620       4.481       8.162       6.388       9.499
      14.630       4.482       8.164       6.391       9.502
      14.640       4.484       8.166       6.394       9.505
      14.650       4.486       8.167       6.398       9.509
      14.660       4.488       8.169       6.401       9.512
      14.670       4.489       8.171       6.404       9.515
      14.680       4.491       8.172       6.407       9.518
      14.690       4.493       8.174       6.410       9.521
      14.700       4.494       8.176       6.413       9.524
      14.710       4.496       8.178       6.416       9.527
      14.720       4.498       8.179       6.419       9.530
      14.730       4.500       8.181       6.422       9.534
      14.740       4.501       8.183       6.425       9.537
      14.750       4.503       8.185       6.428       9.540
      14.760       4.505       8.186       6.432       9.543
      14.770       4.506       8.188       6.435       9.546
      14.780       4.508       8.190       6.438       9.549
      14.790       4.510       8.191       6.441       9.552
      14.800       4.512       8.193       6.444       9.555
      14.810       4.513       8.195       6.447       9.559
      14.820       4.515       8.197       6.450       9.562
      14.830       4.517       8.198       6.453       9.565
      14.840       4.518       8.200       6.456       9.568
      14.850       4.520       8.202       6.459       9.571
      14.860       4.522       8.204       6.463       9.574
      14.870       4.523       8.205       6.466       9.577
      14.880       4.525       8.207       6.469       9.580
      14.890       4.527       8.209       6.472       9.584
      14.900       4.529       8.210       6.475       9.587
      14.910       4.530       8.212       6.478       9.590
      14.920       4.532       8.214       6.481       9.593
      14.930       4.534       8.216       6.484       9.596
      14.940       4.535       8.217       6.487       9.599
      14.950       4.537       8.219       6.490       9.602
      14.960       4.539       8.221       6.493       9.606
      14.970       4.541       8.223       6.497       9.609
      14.980       4.542       8.224       6.500       9.612
      14.990       4.544       8.226       6.503       9.615
